<?xml version="1.0" encoding="UTF-8"?>
<testsuite xmlns:xsi="http://www.w3.org/2001/XMLSchema-instance" xsi:noNamespaceSchemaLocation="https://maven.apache.org/surefire/maven-surefire-plugin/xsd/surefire-test-report-3.0.xsd" version="3.0" name="org.acmsl.bytehot.domain.HotSwapManagerActualRedefinitionTest" time="0.033" tests="4" errors="3" skipped="0" failures="1">
  <properties>
[...]
</properties>
  <testcase name="shouldHandleRealJvmExceptionsNotMockOnes" classname="org.acmsl.bytehot.domain.HotSwapManagerActualRedefinitionTest" time="0.015">
    <error message="/home/chous/github/rydnr/bytehot/bytehot/src/main/java/org/acmsl/bytehot/domain/HotSwapManager.java" type="java.nio.file.NoSuchFileException"><![CDATA[java.nio.file.NoSuchFileException: /home/chous/github/rydnr/bytehot/bytehot/src/main/java/org/acmsl/bytehot/domain/HotSwapManager.java
	at java.base/sun.nio.fs.UnixException.translateToIOException(UnixException.java:92)
	at java.base/sun.nio.fs.UnixException.rethrowAsIOException(UnixException.java:106)
	at java.base/sun.nio.fs.UnixException.rethrowAsIOException(UnixException.java:111)
	at java.base/sun.nio.fs.UnixFileSystemProvider.newByteChannel(UnixFileSystemProvider.java:218)
	at java.base/java.nio.file.Files.newByteChannel(Files.java:380)
	at java.base/java.nio.file.Files.newByteChannel(Files.java:432)
	at java.base/java.nio.file.Files.readAllBytes(Files.java:3288)
	at java.base/java.nio.file.Files.readString(Files.java:3366)
	at java.base/java.nio.file.Files.readString(Files.java:3325)
	at org.acmsl.bytehot.domain.HotSwapManagerActualRedefinitionTest.shouldHandleRealJvmExceptionsNotMockOnes(HotSwapManagerActualRedefinitionTest.java:155)
	at java.base/java.lang.reflect.Method.invoke(Method.java:569)
	at java.base/java.util.ArrayList.forEach(ArrayList.java:1511)
	at java.base/java.util.ArrayList.forEach(ArrayList.java:1511)
]]></error>
  </testcase>
  <testcase name="shouldUseRealInstrumentationPortInsteadOfMockLogic" classname="org.acmsl.bytehot.domain.HotSwapManagerActualRedefinitionTest" time="0.008">
    <failure message="&#10;Expecting path:&#10;  /home/chous/github/rydnr/bytehot/bytehot/src/main/java/org/acmsl/bytehot/domain/HotSwapManager.java&#10;to exist (symbolic links were followed)." type="java.lang.AssertionError"><![CDATA[java.lang.AssertionError: 

Expecting path:
  /home/chous/github/rydnr/bytehot/bytehot/src/main/java/org/acmsl/bytehot/domain/HotSwapManager.java
to exist (symbolic links were followed).
	at org.acmsl.bytehot.domain.HotSwapManagerActualRedefinitionTest.shouldUseRealInstrumentationPortInsteadOfMockLogic(HotSwapManagerActualRedefinitionTest.java:70)
	at java.base/java.lang.reflect.Method.invoke(Method.java:569)
	at java.base/java.util.ArrayList.forEach(ArrayList.java:1511)
	at java.base/java.util.ArrayList.forEach(ArrayList.java:1511)
]]></failure>
  </testcase>
  <testcase name="shouldValidateClassLookupBeforeRedefinition" classname="org.acmsl.bytehot.domain.HotSwapManagerActualRedefinitionTest" time="0.002">
    <error message="/home/chous/github/rydnr/bytehot/bytehot/src/main/java/org/acmsl/bytehot/domain/HotSwapManager.java" type="java.nio.file.NoSuchFileException"><![CDATA[java.nio.file.NoSuchFileException: /home/chous/github/rydnr/bytehot/bytehot/src/main/java/org/acmsl/bytehot/domain/HotSwapManager.java
	at java.base/sun.nio.fs.UnixException.translateToIOException(UnixException.java:92)
	at java.base/sun.nio.fs.UnixException.rethrowAsIOException(UnixException.java:106)
	at java.base/sun.nio.fs.UnixException.rethrowAsIOException(UnixException.java:111)
	at java.base/sun.nio.fs.UnixFileSystemProvider.newByteChannel(UnixFileSystemProvider.java:218)
	at java.base/java.nio.file.Files.newByteChannel(Files.java:380)
	at java.base/java.nio.file.Files.newByteChannel(Files.java:432)
	at java.base/java.nio.file.Files.readAllBytes(Files.java:3288)
	at java.base/java.nio.file.Files.readString(Files.java:3366)
	at java.base/java.nio.file.Files.readString(Files.java:3325)
	at org.acmsl.bytehot.domain.HotSwapManagerActualRedefinitionTest.shouldValidateClassLookupBeforeRedefinition(HotSwapManagerActualRedefinitionTest.java:126)
	at java.base/java.lang.reflect.Method.invoke(Method.java:569)
	at java.base/java.util.ArrayList.forEach(ArrayList.java:1511)
	at java.base/java.util.ArrayList.forEach(ArrayList.java:1511)
]]></error>
  </testcase>
  <testcase name="shouldNotReturnSuccessWithoutCallInginstrumentationPort" classname="org.acmsl.bytehot.domain.HotSwapManagerActualRedefinitionTest" time="0.002">
    <error message="/home/chous/github/rydnr/bytehot/bytehot/src/main/java/org/acmsl/bytehot/domain/HotSwapManager.java" type="java.nio.file.NoSuchFileException"><![CDATA[java.nio.file.NoSuchFileException: /home/chous/github/rydnr/bytehot/bytehot/src/main/java/org/acmsl/bytehot/domain/HotSwapManager.java
	at java.base/sun.nio.fs.UnixException.translateToIOException(UnixException.java:92)
	at java.base/sun.nio.fs.UnixException.rethrowAsIOException(UnixException.java:106)
	at java.base/sun.nio.fs.UnixException.rethrowAsIOException(UnixException.java:111)
	at java.base/sun.nio.fs.UnixFileSystemProvider.newByteChannel(UnixFileSystemProvider.java:218)
	at java.base/java.nio.file.Files.newByteChannel(Files.java:380)
	at java.base/java.nio.file.Files.newByteChannel(Files.java:432)
	at java.base/java.nio.file.Files.readAllBytes(Files.java:3288)
	at java.base/java.nio.file.Files.readString(Files.java:3366)
	at java.base/java.nio.file.Files.readString(Files.java:3325)
	at org.acmsl.bytehot.domain.HotSwapManagerActualRedefinitionTest.shouldNotReturnSuccessWithoutCallInginstrumentationPort(HotSwapManagerActualRedefinitionTest.java:104)
	at java.base/java.lang.reflect.Method.invoke(Method.java:569)
	at java.base/java.util.ArrayList.forEach(ArrayList.java:1511)
	at java.base/java.util.ArrayList.forEach(ArrayList.java:1511)
]]></error>
  </testcase>
</testsuite>