<?xml version="1.0" encoding="UTF-8"?>
<testsuite xmlns:xsi="http://www.w3.org/2001/XMLSchema-instance" xsi:noNamespaceSchemaLocation="https://maven.apache.org/surefire/maven-surefire-plugin/xsd/surefire-test-report-3.0.xsd" version="3.0" name="org.acmsl.bytehot.domain.events.WatchPathConfiguredTest" time="0.002" tests="1" errors="0" skipped="1" failures="0">
  <properties>
[...]
</properties>
  <testcase name="bytehot_agent_with_valid_config_produces_watch_path_configured_event(Path)" classname="org.acmsl.bytehot.domain.events.WatchPathConfiguredTest" time="0">
    <skipped message="TODO: Fix architecture - domain test should not depend on infrastructure testing utilities"/>
  </testcase>
</testsuite>