<?xml version="1.0" encoding="UTF-8"?>
<testsuite xmlns:xsi="http://www.w3.org/2001/XMLSchema-instance" xsi:noNamespaceSchemaLocation="https://maven.apache.org/surefire/maven-surefire-plugin/xsd/surefire-test-report-3.0.xsd" version="3.0" name="org.acmsl.bytehot.domain.events.HotSwapCapabilityNixTest" time="8.955" tests="1" errors="0" skipped="0" failures="1">
  <properties>
[...]
</properties>
  <testcase name="legacy_jvm_may_have_limited_hotswap_capabilities(Path)" classname="org.acmsl.bytehot.domain.events.HotSwapCapabilityNixTest" time="8.938">
    <failure message="ByteHotAgentAttached should always be present. Output: warning: Git tree &apos;/home/chous/github/rydnr/bytehot&apos; is dirty&#10;&#10;&#10;&amp;#27;[32mrydnr-bytehot-latest-SNAPSHOT&amp;#27;[0m on &amp;#27;[34mopenjdk-8u442-b06, &amp;#27;[35mmaven-3.9.9&amp;#27;[0&#10;&#10;&amp;#27;[0mNative deps:&amp;#27;[0m&#10;&amp;#27;[0m - &amp;#27;[31m/nix/store/v578vkzh0qhzczjvrzf64lqb2c74d5pk-curl-8.13.0&amp;#27;[0m&#10;&#10;Exception in thread &quot;main&quot; java.lang.UnsupportedClassVersionError: org/acmsl/bytehot/infrastructure/cli/ByteHotCLI has been compiled by a more recent version of the Java Runtime (class file version 61.0), this version of the Java Runtime only recognizes class file versions up to 52.0&#10;	at java.lang.ClassLoader.defineClass1(Native Method)&#10;	at java.lang.ClassLoader.defineClass(ClassLoader.java:756)&#10;	at java.security.SecureClassLoader.defineClass(SecureClassLoader.java:142)&#10;	at java.net.URLClassLoader.defineClass(URLClassLoader.java:473)&#10;	at java.net.URLClassLoader.access$100(URLClassLoader.java:74)&#10;	at java.net.URLClassLoader$1.run(URLClassLoader.java:369)&#10;	at java.net.URLClassLoader$1.run(URLClassLoader.java:363)&#10;	at java.security.AccessController.doPrivileged(Native Method)&#10;	at java.net.URLClassLoader.findClass(URLClassLoader.java:362)&#10;	at java.lang.ClassLoader.loadClass(ClassLoader.java:418)&#10;	at sun.misc.Launcher$AppClassLoader.loadClass(Launcher.java:352)&#10;	at java.lang.ClassLoader.loadClass(ClassLoader.java:351)&#10;	at sun.instrument.InstrumentationImpl.loadClassAndStartAgent(InstrumentationImpl.java:304)&#10;	at sun.instrument.InstrumentationImpl.loadClassAndCallPremain(InstrumentationImpl.java:401)&#10;FATAL ERROR in native method: processing of -javaagent failed&#10; ==&gt; expected: &lt;true&gt; but was: &lt;false&gt;" type="org.opentest4j.AssertionFailedError"><![CDATA[org.opentest4j.AssertionFailedError: 
ByteHotAgentAttached should always be present. Output: warning: Git tree '/home/chous/github/rydnr/bytehot' is dirty


&amp#27;[32mrydnr-bytehot-latest-SNAPSHOT&amp#27;[0m on &amp#27;[34mopenjdk-8u442-b06, &amp#27;[35mmaven-3.9.9&amp#27;[0

&amp#27;[0mNative deps:&amp#27;[0m
&amp#27;[0m - &amp#27;[31m/nix/store/v578vkzh0qhzczjvrzf64lqb2c74d5pk-curl-8.13.0&amp#27;[0m

Exception in thread "main" java.lang.UnsupportedClassVersionError: org/acmsl/bytehot/infrastructure/cli/ByteHotCLI has been compiled by a more recent version of the Java Runtime (class file version 61.0), this version of the Java Runtime only recognizes class file versions up to 52.0
	at java.lang.ClassLoader.defineClass1(Native Method)
	at java.lang.ClassLoader.defineClass(ClassLoader.java:756)
	at java.security.SecureClassLoader.defineClass(SecureClassLoader.java:142)
	at java.net.URLClassLoader.defineClass(URLClassLoader.java:473)
	at java.net.URLClassLoader.access$100(URLClassLoader.java:74)
	at java.net.URLClassLoader$1.run(URLClassLoader.java:369)
	at java.net.URLClassLoader$1.run(URLClassLoader.java:363)
	at java.security.AccessController.doPrivileged(Native Method)
	at java.net.URLClassLoader.findClass(URLClassLoader.java:362)
	at java.lang.ClassLoader.loadClass(ClassLoader.java:418)
	at sun.misc.Launcher$AppClassLoader.loadClass(Launcher.java:352)
	at java.lang.ClassLoader.loadClass(ClassLoader.java:351)
	at sun.instrument.InstrumentationImpl.loadClassAndStartAgent(InstrumentationImpl.java:304)
	at sun.instrument.InstrumentationImpl.loadClassAndCallPremain(InstrumentationImpl.java:401)
FATAL ERROR in native method: processing of -javaagent failed
 ==> expected: <true> but was: <false>
	at org.junit.jupiter.api.AssertionFailureBuilder.build(AssertionFailureBuilder.java:151)
	at org.junit.jupiter.api.AssertionFailureBuilder.buildAndThrow(AssertionFailureBuilder.java:132)
	at org.junit.jupiter.api.AssertTrue.failNotTrue(AssertTrue.java:63)
	at org.junit.jupiter.api.AssertTrue.assertTrue(AssertTrue.java:36)
	at org.junit.jupiter.api.Assertions.assertTrue(Assertions.java:214)
	at org.acmsl.bytehot.domain.events.HotSwapCapabilityNixTest.testJvmHotSwapCapability(HotSwapCapabilityNixTest.java:152)
	at org.acmsl.bytehot.domain.events.HotSwapCapabilityNixTest.legacy_jvm_may_have_limited_hotswap_capabilities(HotSwapCapabilityNixTest.java:88)
	at java.base/java.lang.reflect.Method.invoke(Method.java:569)
	at java.base/java.util.ArrayList.forEach(ArrayList.java:1511)
	at java.base/java.util.ArrayList.forEach(ArrayList.java:1511)
]]></failure>
  </testcase>
</testsuite>