<?xml version="1.0" encoding="UTF-8"?>
<testsuite xmlns:xsi="http://www.w3.org/2001/XMLSchema-instance" xsi:noNamespaceSchemaLocation="https://maven.apache.org/surefire/maven-surefire-plugin/xsd/surefire-test-report-3.0.xsd" version="3.0" name="org.acmsl.bytehot.domain.events.HotSwapCapabilityNixTest" time="17.503" tests="2" errors="1" skipped="0" failures="0">
  <properties>
[...]
</properties>
  <testcase name="modern_jvm_supports_hotswap_capabilities(Path)" classname="org.acmsl.bytehot.domain.events.HotSwapCapabilityNixTest" time="13.865"/>
  <testcase name="legacy_jvm_may_have_limited_hotswap_capabilities(Path)" classname="org.acmsl.bytehot.domain.events.HotSwapCapabilityNixTest" time="3.622">
    <error message="Failed to build agent with JVM 8: warning: Git tree &apos;/home/chous/github/rydnr/bytehot&apos; is dirty&#10;&#10;&#10;&amp;#27;[32mrydnr-bytehot-latest-SNAPSHOT&amp;#27;[0m on &amp;#27;[34mopenjdk-8u442-b06, &amp;#27;[35mmaven-3.9.9&amp;#27;[0&#10;&#10;&amp;#27;[0mNative deps:&amp;#27;[0m&#10;&amp;#27;[0m - &amp;#27;[31m/nix/store/v578vkzh0qhzczjvrzf64lqb2c74d5pk-curl-8.13.0&amp;#27;[0m&#10;&#10;[INFO] Scanning for projects...&#10;[INFO] &#10;[INFO] -------------------------&lt; org.acmsl:bytehot &gt;--------------------------&#10;[INFO] Building ByteHot latest-SNAPSHOT&#10;[INFO]   from pom.xml&#10;[INFO] --------------------------------[ jar ]---------------------------------&#10;[WARNING] Could not transfer metadata org.acmsl:java-commons:latest-SNAPSHOT/maven-metadata.xml from/to maven-default-http-blocker (http://0.0.0.0/): Blocked mirror for repositories: [acmsl-libs-releases (http://maven.acm-sl.org/repository/maven-libs-releases-local, default, releases), acmsl-ext-releases (http://maven.acm-sl.org/repository/maven-ext-releases-local, default, releases), acmsl-libs-snapshots (http://maven.acm-sl.org/repository/maven-libs-snapshots-local, default, snapshots), acmsl-ext-snapshots (http://maven.acm-sl.org/repository/maven-ext-snapshots-local, default, snapshots)]&#10;[WARNING] org.acmsl:java-commons:latest-SNAPSHOT/maven-metadata.xml failed to transfer from http://0.0.0.0/ during a previous attempt. This failure was cached in the local repository and resolution will not be reattempted until the update interval of maven-default-http-blocker has elapsed or updates are forced. Original error: Could not transfer metadata org.acmsl:java-commons:latest-SNAPSHOT/maven-metadata.xml from/to maven-default-http-blocker (http://0.0.0.0/): Blocked mirror for repositories: [acmsl-libs-releases (http://maven.acm-sl.org/repository/maven-libs-releases-local, default, releases), acmsl-ext-releases (http://maven.acm-sl.org/repository/maven-ext-releases-local, default, releases), acmsl-libs-snapshots (http://maven.acm-sl.org/repository/maven-libs-snapshots-local, default, snapshots), acmsl-ext-snapshots (http://maven.acm-sl.org/repository/maven-ext-snapshots-local, default, snapshots)]&#10;[WARNING] Could not transfer metadata org.acmsl:acmsl-pom:latest-SNAPSHOT/maven-metadata.xml from/to maven-default-http-blocker (http://0.0.0.0/): Blocked mirror for repositories: [acmsl-libs-releases (http://maven.acm-sl.org/repository/maven-libs-releases-local, default, releases), acmsl-ext-releases (http://maven.acm-sl.org/repository/maven-ext-releases-local, default, releases), acmsl-libs-snapshots (http://maven.acm-sl.org/repository/maven-libs-snapshots-local, default, snapshots), acmsl-ext-snapshots (http://maven.acm-sl.org/repository/maven-ext-snapshots-local, default, snapshots)]&#10;[INFO] &#10;[INFO] --- clean:3.4.0:clean (default-clean) @ bytehot ---&#10;[INFO] Deleting /home/chous/github/rydnr/bytehot/bytehot/target&#10;[INFO] &#10;[INFO] --- resources:3.3.0:resources (default-resources) @ bytehot ---&#10;[INFO] skip non existing resourceDirectory /home/chous/github/rydnr/bytehot/bytehot/src/main/resources&#10;[INFO] &#10;[INFO] --- compiler:3.10.1:compile (default-compile) @ bytehot ---&#10;[INFO] Changes detected - recompiling the module!&#10;[INFO] Compiling 13 source files to /home/chous/github/rydnr/bytehot/bytehot/target/classes&#10;[INFO] ------------------------------------------------------------------------&#10;[INFO] BUILD FAILURE&#10;[INFO] ------------------------------------------------------------------------&#10;[INFO] Total time:  0.574 s&#10;[INFO] Finished at: 2025-06-16T10:50:25+02:00&#10;[INFO] ------------------------------------------------------------------------&#10;[ERROR] Failed to execute goal org.apache.maven.plugins:maven-compiler-plugin:3.10.1:compile (default-compile) on project bytehot: Fatal error compiling: invalid target release: 17 -&gt; [Help 1]&#10;[ERROR] &#10;[ERROR] To see the full stack trace of the errors, re-run Maven with the -e switch.&#10;[ERROR] Re-run Maven using the -X switch to enable full debug logging.&#10;[ERROR] &#10;[ERROR] For more information about the errors and possible solutions, please read the following articles:&#10;[ERROR] [Help 1] http://cwiki.apache.org/confluence/display/MAVEN/MojoExecutionException&#10;" type="java.lang.RuntimeException"><![CDATA[java.lang.RuntimeException: 
Failed to build agent with JVM 8: warning: Git tree '/home/chous/github/rydnr/bytehot' is dirty


&amp#27;[32mrydnr-bytehot-latest-SNAPSHOT&amp#27;[0m on &amp#27;[34mopenjdk-8u442-b06, &amp#27;[35mmaven-3.9.9&amp#27;[0

&amp#27;[0mNative deps:&amp#27;[0m
&amp#27;[0m - &amp#27;[31m/nix/store/v578vkzh0qhzczjvrzf64lqb2c74d5pk-curl-8.13.0&amp#27;[0m

[INFO] Scanning for projects...
[INFO] 
[INFO] -------------------------< org.acmsl:bytehot >--------------------------
[INFO] Building ByteHot latest-SNAPSHOT
[INFO]   from pom.xml
[INFO] --------------------------------[ jar ]---------------------------------
[WARNING] Could not transfer metadata org.acmsl:java-commons:latest-SNAPSHOT/maven-metadata.xml from/to maven-default-http-blocker (http://0.0.0.0/): Blocked mirror for repositories: [acmsl-libs-releases (http://maven.acm-sl.org/repository/maven-libs-releases-local, default, releases), acmsl-ext-releases (http://maven.acm-sl.org/repository/maven-ext-releases-local, default, releases), acmsl-libs-snapshots (http://maven.acm-sl.org/repository/maven-libs-snapshots-local, default, snapshots), acmsl-ext-snapshots (http://maven.acm-sl.org/repository/maven-ext-snapshots-local, default, snapshots)]
[WARNING] org.acmsl:java-commons:latest-SNAPSHOT/maven-metadata.xml failed to transfer from http://0.0.0.0/ during a previous attempt. This failure was cached in the local repository and resolution will not be reattempted until the update interval of maven-default-http-blocker has elapsed or updates are forced. Original error: Could not transfer metadata org.acmsl:java-commons:latest-SNAPSHOT/maven-metadata.xml from/to maven-default-http-blocker (http://0.0.0.0/): Blocked mirror for repositories: [acmsl-libs-releases (http://maven.acm-sl.org/repository/maven-libs-releases-local, default, releases), acmsl-ext-releases (http://maven.acm-sl.org/repository/maven-ext-releases-local, default, releases), acmsl-libs-snapshots (http://maven.acm-sl.org/repository/maven-libs-snapshots-local, default, snapshots), acmsl-ext-snapshots (http://maven.acm-sl.org/repository/maven-ext-snapshots-local, default, snapshots)]
[WARNING] Could not transfer metadata org.acmsl:acmsl-pom:latest-SNAPSHOT/maven-metadata.xml from/to maven-default-http-blocker (http://0.0.0.0/): Blocked mirror for repositories: [acmsl-libs-releases (http://maven.acm-sl.org/repository/maven-libs-releases-local, default, releases), acmsl-ext-releases (http://maven.acm-sl.org/repository/maven-ext-releases-local, default, releases), acmsl-libs-snapshots (http://maven.acm-sl.org/repository/maven-libs-snapshots-local, default, snapshots), acmsl-ext-snapshots (http://maven.acm-sl.org/repository/maven-ext-snapshots-local, default, snapshots)]
[INFO] 
[INFO] --- clean:3.4.0:clean (default-clean) @ bytehot ---
[INFO] Deleting /home/chous/github/rydnr/bytehot/bytehot/target
[INFO] 
[INFO] --- resources:3.3.0:resources (default-resources) @ bytehot ---
[INFO] skip non existing resourceDirectory /home/chous/github/rydnr/bytehot/bytehot/src/main/resources
[INFO] 
[INFO] --- compiler:3.10.1:compile (default-compile) @ bytehot ---
[INFO] Changes detected - recompiling the module!
[INFO] Compiling 13 source files to /home/chous/github/rydnr/bytehot/bytehot/target/classes
[INFO] ------------------------------------------------------------------------
[INFO] BUILD FAILURE
[INFO] ------------------------------------------------------------------------
[INFO] Total time:  0.574 s
[INFO] Finished at: 2025-06-16T10:50:25+02:00
[INFO] ------------------------------------------------------------------------
[ERROR] Failed to execute goal org.apache.maven.plugins:maven-compiler-plugin:3.10.1:compile (default-compile) on project bytehot: Fatal error compiling: invalid target release: 17 -> [Help 1]
[ERROR] 
[ERROR] To see the full stack trace of the errors, re-run Maven with the -e switch.
[ERROR] Re-run Maven using the -X switch to enable full debug logging.
[ERROR] 
[ERROR] For more information about the errors and possible solutions, please read the following articles:
[ERROR] [Help 1] http://cwiki.apache.org/confluence/display/MAVEN/MojoExecutionException

	at org.acmsl.bytehot.domain.events.HotSwapCapabilityNixTest.testJvmHotSwapCapability(HotSwapCapabilityNixTest.java:108)
	at org.acmsl.bytehot.domain.events.HotSwapCapabilityNixTest.legacy_jvm_may_have_limited_hotswap_capabilities(HotSwapCapabilityNixTest.java:88)
	at java.base/java.lang.reflect.Method.invoke(Method.java:569)
	at java.base/java.util.ArrayList.forEach(ArrayList.java:1511)
	at java.base/java.util.ArrayList.forEach(ArrayList.java:1511)
]]></error>
  </testcase>
</testsuite>